<?xml version="1.0" encoding="UTF-8"?>
<!-- Generated by org.testng.reporters.JUnitXMLReporter -->
<testsuite hostname="Dell1" name="Test" tests="6" failures="1" timestamp="16 Aug 2020 19:45:38 GMT" time="0.094" errors="0">
  <testcase name="demo3" time="0.013" classname="Learning.Mevan.MobileTest"/>
  <testcase name="demo4" time="0.004" classname="Learning.Mevan.MobileTest"/>
  <testcase name="demo1" time="0.002" classname="Learning.Mevan.AppiumTest"/>
  <testcase name="demo2" time="0.0" classname="Learning.Mevan.AppiumTest">
    <failure type="org.testng.TestNGException" message="
Parameter &amp;apos;URL2&amp;apos; is required by @Test on method demo2 but has not been marked @Optional or defined
in D:\Data\Eclipse Data\Maven-Test\testng.xml">
      <![CDATA[org.testng.TestNGException: 
Parameter 'URL2' is required by @Test on method demo2 but has not been marked @Optional or defined
in D:\Data\Eclipse Data\Maven-Test\testng.xml
... Removed 23 stack frames]]>
    </failure>
  </testcase> <!-- demo2 -->
  <testcase name="demo5" time="0.003" classname="Learning.Mevan.SeleniumTest"/>
  <testcase name="demo6" time="0.001" classname="Learning.Mevan.SeleniumTest"/>
</testsuite> <!-- Test -->
